#
# There is insufficient memory for the Java Runtime Environment to continue.
# Native memory allocation (mmap) failed to map 100663296 bytes for G1 virtual space
# Possible reasons:
#   The system is out of physical RAM or swap space
#   The process is running with CompressedOops enabled, and the Java Heap may be blocking the growth of the native heap
# Possible solutions:
#   Reduce memory load on the system
#   Increase physical memory or swap space
#   Check if swap backing store is full
#   Decrease Java heap size (-Xmx/-Xms)
#   Decrease number of Java threads
#   Decrease Java thread stack sizes (-Xss)
#   Set larger code cache with -XX:ReservedCodeCacheSize=
#   JVM is running with Unscaled Compressed Oops mode in which the Java heap is
#     placed in the first 4GB address space. The Java Heap base address is the
#     maximum limit for the native heap growth. Please use -XX:HeapBaseMinAddress
#     to set the Java Heap base and to place the Java Heap above 4GB virtual address.
# This output file may be truncated or incomplete.
#
#  Out of Memory Error (./open/src/hotspot/os/windows/os_windows.cpp:3472), pid=2456, tid=4768
#
# JRE version:  (15.0.1+9) (build )
# Java VM: Java HotSpot(TM) 64-Bit Server VM (15.0.1+9-18, mixed mode, sharing, tiered, compressed oops, g1 gc, windows-amd64)
# No core dump will be written. Minidumps are not enabled by default on client versions of Windows
#

---------------  S U M M A R Y ------------

Command Line: -Dfile.encoding=UTF-8 

Host: Pentium(R) Dual-Core  CPU      E5700  @ 3.00GHz, 2 cores, 5G,  Windows 10 , 64 bit Build 19041 (10.0.19041.1566)
Time: Mon Mar 14 22:27:16 2022 Bangladesh Standard Time elapsed time: 0.049646 seconds (0d 0h 0m 0s)

---------------  T H R E A D  ---------------

Current thread (0x00000283874d0b00):  JavaThread "Unknown thread" [_thread_in_vm, id=4768, stack(0x000000d0b0b00000,0x000000d0b0c00000)]

Stack: [0x000000d0b0b00000,0x000000d0b0c00000]
Native frames: (J=compiled Java code, j=interpreted, Vv=VM code, C=native code)
V  [jvm.dll+0x62ae9a]
V  [jvm.dll+0x781389]
V  [jvm.dll+0x782ae3]
V  [jvm.dll+0x783143]
V  [jvm.dll+0x216265]
V  [jvm.dll+0x6281d9]
V  [jvm.dll+0x61cd15]
V  [jvm.dll+0x2d01fd]
V  [jvm.dll+0x2d0062]
V  [jvm.dll+0x2d603c]
V  [jvm.dll+0x325b2a]
V  [jvm.dll+0x3251f4]
V  [jvm.dll+0x2a717a]
V  [jvm.dll+0x2a8318]
V  [jvm.dll+0x75e101]
V  [jvm.dll+0x3343e4]
V  [jvm.dll+0x73e826]
V  [jvm.dll+0x3b7777]
V  [jvm.dll+0x3b9201]
C  [jli.dll+0x52fb]
C  [ucrtbase.dll+0x21bb2]
C  [KERNEL32.DLL+0x17034]
C  [ntdll.dll+0x52651]


---------------  P R O C E S S  ---------------

Threads class SMR info:
_java_thread_list=0x00007ffe12e84ff0, length=0, elements={
}

Java Threads: ( => current thread )

Other Threads:
  0x00000283875070c0 GCTaskThread "GC Thread#0" [stack: 0x000000d0b0c00000,0x000000d0b0d00000] [id=2488]
  0x0000028387515220 ConcurrentGCThread "G1 Main Marker" [stack: 0x000000d0b0d00000,0x000000d0b0e00000] [id=8896]
  0x0000028387515e10 ConcurrentGCThread "G1 Conc#0" [stack: 0x000000d0b0e00000,0x000000d0b0f00000] [id=1580]

[error occurred during error reporting (printing all threads), id 0xc0000005, EXCEPTION_ACCESS_VIOLATION (0xc0000005) at pc=0x00007ffe12678047]

VM state: not at safepoint (not fully initialized)

VM Mutex/Monitor currently owned by a thread:  ([mutex/lock_event])
[0x00000283874cc880] Heap_lock - owner thread: 0x00000283874d0b00

Heap address: 0x00000000a0000000, size: 1536 MB, Compressed Oops mode: 32-bit
CDS archive(s) mapped at: [0x0000000000000000-0x0000000000000000-0x0000000000000000), size 0, SharedBaseAddress: 0x0000000800000000, ArchiveRelocationMode: 0.
Narrow klass base: 0x0000000000000000, Narrow klass shift: 0, Narrow klass range: 0x0

Heap:
 garbage-first heap   total 98304K, used 0K [0x00000000a0000000, 0x0000000100000000)
  region size 1024K, 0 young (0K), 0 survivors (0K)
 Metaspace       used 0K, capacity 0K, committed 0K, reserved 0K
  class space    used 0K, capacity 0K, committed 0K, reserved 0K

Heap Regions: E=young(eden), S=young(survivor), O=old, HS=humongous(starts), HC=humongous(continues), CS=collection set, F=free, OA=open archive, CA=closed archive, TAMS=top-at-mark-start (previous, next)

Card table byte_map: [0x000002839e710000,0x000002839ea10000] _byte_map_base: 0x000002839e210000

Marking Bits (Prev, Next): (CMBitMap*) 0x00000283875088c0, (CMBitMap*) 0x0000028387508900
 Prev Bits: [0x000002839ed10000, 0x00000283a0510000)
 Next Bits: [0x00000283a0510000, 0x00000283a1d10000)

GC Heap History (0 events):
No events

Deoptimization events (0 events):
No events

Classes unloaded (0 events):
No events

Classes redefined (0 events):
No events

Internal exceptions (0 events):
No events

Events (1 events):
Event: 0.026 Loaded shared library C:\Program Files\Java\jdk-15.0.1\bin\java.dll


Dynamic libraries:
0x00007ff6535f0000 - 0x00007ff6535ff000 	C:\Program Files\Java\jdk-15.0.1\bin\java.exe
0x00007ffe6b010000 - 0x00007ffe6b205000 	C:\WINDOWS\SYSTEM32\ntdll.dll
0x00007ffe699d0000 - 0x00007ffe69a8e000 	C:\WINDOWS\System32\KERNEL32.DLL
0x00007ffe688b0000 - 0x00007ffe68b78000 	C:\WINDOWS\System32\KERNELBASE.dll
0x00007ffe68c90000 - 0x00007ffe68d90000 	C:\WINDOWS\System32\ucrtbase.dll
0x00007ffe637d0000 - 0x00007ffe637e8000 	C:\Program Files\Java\jdk-15.0.1\bin\jli.dll
0x00007ffe69210000 - 0x00007ffe692be000 	C:\WINDOWS\System32\ADVAPI32.dll
0x00007ffe69320000 - 0x00007ffe693be000 	C:\WINDOWS\System32\msvcrt.dll
0x00007ffe69ea0000 - 0x00007ffe69f3c000 	C:\WINDOWS\System32\sechost.dll
0x00007ffe6ac90000 - 0x00007ffe6adb5000 	C:\WINDOWS\System32\RPCRT4.dll
0x00007ffe69070000 - 0x00007ffe69210000 	C:\WINDOWS\System32\USER32.dll
0x00007ffe68d90000 - 0x00007ffe68db2000 	C:\WINDOWS\System32\win32u.dll
0x00007ffe69a90000 - 0x00007ffe69abb000 	C:\WINDOWS\System32\GDI32.dll
0x00007ffe68b80000 - 0x00007ffe68c8b000 	C:\WINDOWS\System32\gdi32full.dll
0x00007ffe68730000 - 0x00007ffe687cd000 	C:\WINDOWS\System32\msvcp_win.dll
0x00007ffe57750000 - 0x00007ffe579ea000 	C:\WINDOWS\WinSxS\amd64_microsoft.windows.common-controls_6595b64144ccf1df_6.0.19041.1110_none_60b5254171f9507e\COMCTL32.dll
0x00007ffe62df0000 - 0x00007ffe62dfa000 	C:\WINDOWS\SYSTEM32\VERSION.dll
0x00007ffe629e0000 - 0x00007ffe629f9000 	C:\Program Files\Java\jdk-15.0.1\bin\VCRUNTIME140.dll
0x00007ffe698c0000 - 0x00007ffe698f0000 	C:\WINDOWS\System32\IMM32.DLL
0x00007ffe637c0000 - 0x00007ffe637cc000 	C:\Program Files\Java\jdk-15.0.1\bin\vcruntime140_1.dll
0x00007ffe40270000 - 0x00007ffe40301000 	C:\Program Files\Java\jdk-15.0.1\bin\msvcp140.dll
0x00007ffe123c0000 - 0x00007ffe12f1e000 	C:\Program Files\Java\jdk-15.0.1\bin\server\jvm.dll
0x00007ffe693c0000 - 0x00007ffe693c8000 	C:\WINDOWS\System32\PSAPI.DLL
0x00007ffe65ea0000 - 0x00007ffe65ea9000 	C:\WINDOWS\SYSTEM32\WSOCK32.dll
0x00007ffe69ac0000 - 0x00007ffe69b2b000 	C:\WINDOWS\System32\WS2_32.dll
0x00007ffe60cb0000 - 0x00007ffe60cd7000 	C:\WINDOWS\SYSTEM32\WINMM.dll
0x00007ffe66660000 - 0x00007ffe66672000 	C:\WINDOWS\SYSTEM32\kernel.appcore.dll
0x00007ffe62950000 - 0x00007ffe6295a000 	C:\Program Files\Java\jdk-15.0.1\bin\jimage.dll
0x00007ffe57b90000 - 0x00007ffe57d74000 	C:\WINDOWS\SYSTEM32\DBGHELP.DLL
0x00007ffe4c110000 - 0x00007ffe4c13c000 	C:\WINDOWS\SYSTEM32\dbgcore.DLL
0x00007ffe68820000 - 0x00007ffe688a2000 	C:\WINDOWS\System32\bcryptPrimitives.dll
0x00007ffe44e10000 - 0x00007ffe44e35000 	C:\Program Files\Java\jdk-15.0.1\bin\java.dll

dbghelp: loaded successfully - version: 4.0.5 - missing functions: none
symbol engine: initialized successfully - sym options: 0x614 - pdb path: .;C:\Program Files\Java\jdk-15.0.1\bin;C:\WINDOWS\SYSTEM32;C:\WINDOWS\WinSxS\amd64_microsoft.windows.common-controls_6595b64144ccf1df_6.0.19041.1110_none_60b5254171f9507e;C:\Program Files\Java\jdk-15.0.1\bin\server

VM Arguments:
jvm_args: -Dfile.encoding=UTF-8 
java_command: <unknown>
java_class_path (initial): <not set>
Launcher Type: SUN_STANDARD

[Global flags]
     intx CICompilerCount                          = 2                                         {product} {ergonomic}
     uint ConcGCThreads                            = 1                                         {product} {ergonomic}
     uint G1ConcRefinementThreads                  = 2                                         {product} {ergonomic}
   size_t G1HeapRegionSize                         = 1048576                                   {product} {ergonomic}
    uintx GCDrainStackTargetSize                   = 64                                        {product} {ergonomic}
   size_t InitialHeapSize                          = 100663296                                 {product} {ergonomic}
   size_t MarkStackSize                            = 4194304                                   {product} {ergonomic}
   size_t MaxHeapSize                              = 1610612736                                {product} {ergonomic}
   size_t MinHeapDeltaBytes                        = 1048576                                   {product} {ergonomic}
   size_t MinHeapSize                              = 8388608                                   {product} {ergonomic}
    uintx NonNMethodCodeHeapSize                   = 5826188                                {pd product} {ergonomic}
    uintx NonProfiledCodeHeapSize                  = 122916026                              {pd product} {ergonomic}
    uintx ProfiledCodeHeapSize                     = 122916026                              {pd product} {ergonomic}
    uintx ReservedCodeCacheSize                    = 251658240                              {pd product} {ergonomic}
     bool SegmentedCodeCache                       = true                                      {product} {ergonomic}
   size_t SoftMaxHeapSize                          = 1610612736                             {manageable} {ergonomic}
     bool UseCompressedClassPointers               = true                                 {lp64_product} {ergonomic}
     bool UseCompressedOops                        = true                                 {lp64_product} {ergonomic}
     bool UseG1GC                                  = true                                      {product} {ergonomic}
     bool UseLargePagesIndividualAllocation        = false                                  {pd product} {ergonomic}

Logging:
Log output configuration:
 #0: stdout all=warning uptime,level,tags
 #1: stderr all=off uptime,level,tags

Environment Variables:
JAVA_HOME=D:/unity/Unity/Editor/2019.4.20f1/Editor/Data/PlaybackEngines/AndroidPlayer\OpenJDK
JAVA_TOOL_OPTIONS=-Dfile.encoding=UTF-8
PATH=D:\Python\Scripts\;D:\Python\;C:\Program Files\Common Files\Oracle\Java\javapath;C:\Program Files (x86)\Common Files\Intel\Shared Libraries\redist\intel64\compiler;C:\WINDOWS\system32;C:\WINDOWS;C:\WINDOWS\System32\Wbem;C:\WINDOWS\System32\WindowsPowerShell\v1.0\;C:\WINDOWS\System32\OpenSSH\;C:\Program Files\dotnet\;C:\Program Files\Microsoft SQL Server\130\Tools\Binn\;D:\Java\bin;C:\Program Files (x86)\NVIDIA Corporation\PhysX\Common;D:\NodeJs\;C:\ProgramData\chocolatey\bin;C:\Program Files\Git\cmd;C:\Program Files\Microsoft SQL Server\150\Tools\Binn\;C:\Program Files\Microsoft SQL Server\Client SDK\ODBC\170\Tools\Binn\;C:\Program Files (x86)\Microsoft SQL Server\150\Tools\Binn\;C:\Program Files\Microsoft SQL Server\150\DTS\Binn\;C:\Program Files\Azure Data Studio\bin;C:\Program Files (x86)\dotnet\;C:\Program Files (x86)\Microsoft SQL Server\150\DTS\Binn\;C:\Users\darkb\AppData\Local\Microsoft\WindowsApps;D:\Microsoft VS Code\bin;C:\Users\darkb\.dotnet\tools;C:\Users\darkb\AppData\Local\Microsoft\WindowsApps;C:\Users\darkb\.dotnet\tools;D:\Exercism;C:\Users\darkb\AppData\Local\GitHubDesktop\bin;%JetBrains Rider%;C:\Program Files\mingw-w64\x86_64-8.1.0-posix-seh-rt_v6-rev0\mingw64\bin;D:\Sqlite\sqlite-tools-win32-x86-3350400;F:\Flutter Sdk\flutter\bin;C:\Users\darkb\AppData\Roaming\npm;D:\PyCharm Community Edition 2021.2.3\bin;;C:\Program Files\Azure Data Studio\bin
USERNAME=darkb
OS=Windows_NT
PROCESSOR_IDENTIFIER=Intel64 Family 6 Model 23 Stepping 10, GenuineIntel



---------------  S Y S T E M  ---------------

OS:
 Windows 10 , 64 bit Build 19041 (10.0.19041.1566)
OS uptime: 0 days 4:36 hours

CPU: total 2 (initial active 2) (2 cores per cpu, 1 threads per core) family 6 model 23 stepping 10 microcode 0xa0c, cmov, cx8, fxsr, mmx, sse, sse2, sse3, ssse3, tsc, clflush

Memory: 4k page, system-wide physical 6143M (2155M free)
TotalPageFile size 7805M (AvailPageFile size 51M)
current process WorkingSet (physical memory assigned to process): 9M, peak: 9M
current process commit charge ("private bytes"): 47M, peak: 143M

vm_info: Java HotSpot(TM) 64-Bit Server VM (15.0.1+9-18) for windows-amd64 JRE (15.0.1+9-18), built on Sep 15 2020 14:43:54 by "mach5one" with unknown MS VC++:1925

END.
